000.001: waiting for UI
000.003: editing files in windows
000.004: parsing arguments
000.005  000.005: require('vim.keymap')
000.005: --- NVIM STARTED ---
000.008  000.008: require('vim.F')
000.008: clear screen
000.010  000.010: require('vim.fs')
000.014: window checked
000.017: --- NVIM STARTING ---
000.022  000.022: require('vim.loader')
000.029: inits 2
000.030  000.030: require('vim._meta')
000.031  000.031: require('ffi')
000.048  000.048: require('vim.shared')
000.049  000.049: require('vim.inspect')
000.052: expanding arguments
000.058: init first window
000.066  000.066: sourcing /usr/local/share/nvim/runtime/filetype.lua
000.083  000.053: require('vim._editor')
000.092: early init
000.121  000.121: require('nvim-tree.actions.moves.item')
000.129  000.129: require('nvim-tree.actions.fs.trash')
000.132  000.132: require('nvim-tree.enum')
000.133: before starting main loop
000.137  000.137: require('nvim-tree.marks.bulk-move')
000.151: init default mappings & autocommands
000.153  000.153: require('plenary.class')
000.158  000.158: require('nvim-tree.diagnostics')
000.159: BufEnter autocommands
000.163  000.163: require('nvim-tree.actions.fs.rename-file')
000.163: locale set
000.164  000.164: require('nvim-tree.renderer.components.full-name')
000.167: done waiting for UI
000.169  000.039: require('vim._init_packages')
000.175  000.175: require('cmp.config.sources')
000.178  000.178: require('luasnip.nodes.duplicate')
000.179  000.179: require('nvim-tree.git.runner')
000.182: UIEnter autocommands
000.183  000.183: require('codeium.update')
000.184  000.184: require('nvim-tree.actions.node.file-popup')
000.187  000.187: sourcing /home/brian/.local/share/nvim/lazy/vim-fugitive/ftdetect/fugitive.vim
000.194  000.194: require('plenary.functional')
000.200: event init
000.201  000.201: require('telescope.pickers.multi')
000.204  000.204: require('nvim-tree.marks.bulk-trash')
000.204  000.204: require('telescope.algos.linked_list')
000.208  000.208: require('plenary.async.structs')
000.209  000.209: require('git-worktree.status')
000.209  000.209: require('luasnip.nodes.snippetProxy')
000.211  000.211: require('nvim-treesitter.caching')
000.212  000.212: require('wormholecowboy.plugins.undotree')
000.212  000.212: require('wormholecowboy.plugins.vim-dadbod-ui')
000.213  000.213: require('nvim-treesitter.statusline')
000.215  000.215: require('git-worktree.enum')
000.215  000.215: require('telescope.finders.async_job_finder')
000.218  000.218: require('plenary.tbl')
000.218  000.218: require('telescope.pickers.window')
000.219  000.219: require('nvim-tree.actions.finders.search-node')
000.221  000.221: require('plenary.window.float')
000.223  000.223: require('telescope.pickers.scroller')
000.225  000.225: require('wormholecowboy.plugins.vim-illuminate')
000.226  000.226: require('wormholecowboy.plugins.todo-comments')
000.230  000.230: require('cmp_buffer.timer')
000.239  000.239: require('nvim-tree.log')
000.239: init highlight
000.240  000.240: require('codeium.log')
000.242  000.242: require('codeium.util')
000.244: opening buffers
000.245  000.245: require('luasnip.util.functions')
000.246  000.246: require('nvim-treesitter.compat')
000.246  000.246: require('wormholecowboy.plugins.vim-dadbod')
000.250  000.250: require('nvim-tree.actions.tree.modifiers.collapse-all')
000.251  000.251: require('nvim-tree.iterators.node-iterator')
000.251  000.251: sourcing /home/brian/.local/share/nvim/lazy/nightfox.nvim/plugin/nightfox.vim
000.255  000.255: require('nvim-tree.actions.reloaders')
000.256  000.256: require('nvim-tree.actions.fs.remove-file')
000.257  000.257: require('nvim-tree.marks.bulk-delete')
000.258  000.258: sourcing /usr/local/share/nvim/runtime/plugin/tutor.vim
000.259  000.259: require('plenary.errors')
000.262  000.262: require('nvim-tree.keymap')
000.264  000.264: require('everforest.colours')
000.265  000.265: require('nvim-tree.actions.tree.open')
000.265  000.265: require('which-key.util')
000.267  000.267: sourcing /usr/local/share/nvim/runtime/plugin/health.vim
000.268  000.268: require('nvim-tree.marks.navigation')
000.268  000.268: require('plenary.async.util')
000.269  000.269: require('nvim-tree.actions.tree.modifiers.expand-all')
000.271  000.271: require('nvim-tree.actions.tree.find-file')
000.271  000.271: require('nvim-tree.watcher')
000.272  000.272: require('plenary.popup.utils')
000.273  000.273: require('nvim-tree.actions.moves.parent')
000.273  000.273: require('plenary.curl')
000.274  000.274: require('nvim-treesitter.utils')
000.275  000.275: require('telescope.actions.state')
000.278  000.278: require('nvim-tree.actions.tree.toggle')
000.280  000.280: sourcing /usr/local/share/nvim/runtime/plugin/shada.vim
000.281  000.281: require('nvim-tree.appearance.diagnostics')
000.281  000.281: require('plenary.window')
000.281  000.281: require('telescope.actions.utils')
000.282  000.282: require('nvim-tree.actions.moves.sibling')
000.282  000.282: require('nvim-tree.legacy')
000.283: inits 1
000.284  000.284: require('plenary.bit')
000.285  000.285: require('wormholecowboy.plugins.telescope')
000.286  000.286: require('luasnip.util.parser.neovim_parser')
000.287  000.287: require('nvim-tree.notify')
000.289  000.289: require('lazy.core.handler.cmd')
000.289  000.289: require('wormholecowboy.plugins.treesitter')
000.290  000.290: require('nvim-tree.actions.node.open-file')
000.290  000.290: require('wormholecowboy.plugins.treesitter-objects')
000.293  000.293: require('luasnip.nodes.multiSnippet')
000.293  000.293: require('telescope.state')
000.295  000.295: require('nvim-tree.actions.finders.find-file')
000.295  000.295: require('nvim-tree.actions.node.run-command')
000.296  000.296: require('wormholecowboy.plugins.tmux-navigator')
000.298  000.298: require('which-key.config')
000.300  000.300: require('cmp.utils.highlight')
000.301  000.301: require('nvim-tree.marks')
000.301  000.301: sourcing /usr/local/share/nvim/runtime/plugin/zipPlugin.vim
000.302  000.302: require('luasnip.util.str')
000.302  000.302: require('nvim-tree.actions.fs.create-file')
000.303  000.303: require('nvim-tree.actions.tree.modifiers.toggles')
000.304  000.304: require('telescope.deprecated')
000.304  000.304: require('wormholecowboy.plugins.zenmode')
000.305  000.305: require('nvim-tree.explorer.node-builders')
000.305  000.305: require('telescope.debounce')
000.306  000.306: require('nvim-treesitter.query_predicates')
000.309  000.309: require('vim.highlight')
000.309: init lua interpreter
000.310  000.310: require('cmp.utils.options')
000.312  000.312: require('vim.treesitter._range')
000.313  000.313: require('nvim-tree.explorer.reload')
000.314  000.314: require('nvim-ts-autotag._log')
000.316  000.163: require('telescope._')
000.317  000.317: require('cmp.view.native_entries_view')
000.317  000.317: require('codeium')
000.319  000.319: require('cmp.utils.event')
000.319  000.319: require('telescope.pickers.highlights')
000.320  000.320: require('luasnip.util.dict')
000.320  000.320: require('nvim-tree.actions.root.dir-up')
000.321  000.321: require('wormholecowboy.plugins.trouble')
000.324  000.324: require('wormholecowboy.plugins.lsp.mason')
000.325  000.325: require('nvim-tree.explorer.node')
000.325  000.325: require('wormholecowboy.plugins.tailwindcss-colorizer')
000.327  000.327: require('everforest.util')
000.328  000.328: require('illuminate.reference')
000.330  000.330: sourcing /usr/local/share/nvim/runtime/plugin/editorconfig.lua
000.331  000.331: require('nvim-tree.git.utils')
000.331  000.331: require('nvim-tree.renderer.components.icons')
000.332  000.332: require('cmp.view.ghost_text_view')
000.333  000.333: sourcing /home/brian/.local/share/nvim/lazy/nvim-web-devicons/plugin/nvim-web-devicons.vim
000.335  000.335: require('cmp.types.vim')
000.335  000.335: require('luasnip.util.select')
000.336  000.336: require('telescope.mappings')
000.340  000.340: require('vim.treesitter.language')
000.343  000.343: require('nvim-tree.actions.root.change-dir')
000.344  000.344: require('luasnip.util.parser.neovim_ast')
000.348  000.348: require('illuminate.config')
000.348  000.348: require('illuminate.util')
000.348  000.348: require('luasnip.util.directed_graph')
000.348  000.348: require('nvim-treesitter.shell_command_selectors')
000.350  000.350: require('luasnip.nodes.dynamicNode')
000.350  000.350: require('plenary.compat')
000.350  000.350: require('plenary.window.border')
000.351  000.351: sourcing /usr/local/share/nvim/runtime/plugin/tarPlugin.vim
000.353  000.353: require('cmp.view.wildmenu_entries_view')
000.358  000.358: sourcing /home/brian/.local/share/nvim/lazy/plenary.nvim/plugin/plenary.vim
000.363  000.363: require('wormholecowboy.plugins.hop')
000.367  000.367: require('nvim-treesitter.ts_utils')
000.369  000.369: require('luasnip.util.jsonc')
000.371  000.371: require('nvim-tree.actions.node.system-open')
000.371  000.371: sourcing /usr/local/share/nvim/runtime/plugin/man.lua
000.373  000.373: sourcing /usr/local/share/nvim/runtime/plugin/spellfile.vim
000.374  000.374: require('cmp.config.mapping')
000.374  000.374: require('luasnip.nodes.choiceNode')
000.374  000.374: require('luasnip.util.pattern_tokenizer')
000.375  000.375: require('cmp.utils.cache')
000.377  000.377: require('nvim-tree.renderer.decorator.cut')
000.378  000.378: require('luasnip.nodes.textNode')
000.380: inits 3
000.381  000.381: require('wormholecowboy.plugins.nvim-treesitter-context')
000.382  000.382: require('nvim-tree.view')
000.384  000.384: require('nvim-tree.renderer.decorator.opened')
000.385  000.385: sourcing /usr/local/share/nvim/runtime/plugin/matchparen.vim
000.386  000.118: require('plenary.async.tests')
000.386  000.168: require('plenary.vararg.rotate')
000.389  000.211: require('luasnip.loaders.snippet_cache')
000.390  000.390: require('wormholecowboy.plugins.nvim-lint')
000.392  000.152: require('codeium.notify')
000.394  000.394: require('luasnip.nodes.functionNode')
000.395  000.395: require('luasnip.util.lazy_table')
000.396  000.396: require('telescope.make_entry')
000.396  000.396: sourcing /home/brian/.local/share/nvim/rplugin.vim
000.398  000.398: require('luasnip.util.mark')
000.400  000.400: require('cmp.view.custom_entries_view')
000.400  000.400: require('nvim-tree.renderer.components.padding')
000.402  000.402: require('nvim-tree.renderer.decorator.copied')
000.410  000.410: require('cmp.types.cmp')
000.410  000.410: require('luasnip.util.jsregexp')
000.410  000.410: require('luasnip.util.table')
000.410  000.410: require('telescope._extensions')
000.411  000.411: require('nvim-treesitter.highlight')
000.412  000.412: require('cmp.utils.debug')
000.413  000.413: require('nvim-tree.buffers')
000.413  000.413: require('wormholecowboy.plugins.nvim-tree')
000.415  000.415: require('wormholecowboy.plugins.luasnip')
000.416: first screen update
000.418  000.418: require('luasnip.util.auto_table')
000.420  000.420: require('wormholecowboy.plugins.gitsigns')
000.422  000.219: require('telescope.entry_manager')
000.424  000.424: sourcing /usr/local/share/nvim/runtime/plugin/netrwPlugin.vim
000.427  000.427: sourcing /home/brian/.local/share/nvim/lazy/which-key.nvim/plugin/which-key.vim
000.429  000.429: require('wormholecowboy.plugins.lualine')
000.429  000.429: sourcing /usr/local/share/nvim/runtime/pack/dist/opt/matchit/plugin/matchit.vim
000.430  000.430: require('wormholecowboy.plugins.which')
000.431  000.431: require('lazy.core.handler.ft')
000.431  000.431: sourcing /usr/local/share/nvim/runtime/indent.vim
000.432  000.432: require('lualine_require')
000.434  000.119: require('telescope.finders.async_oneshot_finder')
000.437  000.437: require('luasnip.session.enqueueable_operations')
000.438  000.438: require('luasnip.nodes.key_indexer')
000.439  000.439: require('wormholecowboy.plugins.aerial')
000.440  000.432: require('plenary.log')
000.443  000.443: require('cmp.matcher')
000.443  000.443: require('lazy.core.handler')
000.445  000.445: require('wormholecowboy.plugins.conform')
000.448  000.448: require('luasnip.util.path')
000.449  000.449: require('wormholecowboy.plugins.lsp.lsp')
000.450  000.450: require('telescope.config.resolve')
000.453  000.453: sourcing /usr/local/share/nvim/runtime/plugin/tohtml.vim
000.455  000.455: require('luasnip.util.extend_decorator')
000.456  000.456: require('wormholecowboy.plugins.autopairs')
000.459  000.459: require('cmp.utils.misc')
000.461  000.461: sourcing /usr/local/share/nvim/runtime/plugin/gzip.vim
000.464  000.464: sourcing /usr/local/share/nvim/runtime/plugin/nvim.lua
000.466  000.466: require('luasnip.util.events')
000.467  000.467: require('nvim-tree.explorer.watch')
000.468  000.468: require('luasnip.nodes.insertNode')
000.470  000.470: require('nvim-tree.renderer.decorator')
000.471  000.207: require('which-key.tree')
000.472  000.472: sourcing /usr/local/share/nvim/runtime/ftplugin.vim
000.473  000.473: require('cmp.config.compare')
000.477  000.477: require('nvim-tree.renderer.decorator.git')
000.478  000.478: require('luasnip.session.snippet_collection.source')
000.478  000.478: sourcing /home/brian/.local/share/nvim/lazy/LuaSnip/plugin/luasnip.vim
000.482  000.482: require('cmp_cmdline')
000.483  000.483: require('cmp.utils.buffer')
000.487  000.487: require('cmp.config.window')
000.487  000.487: sourcing /home/brian/.local/share/nvim/lazy/telescope.nvim/plugin/telescope.lua
000.490  000.217: require('codeium.io')
000.492  000.492: require('nvim-tree.appearance')
000.493  000.493: require('lazy.core.plugin')
000.495  000.495: require('lazy.core.handler.keys')
000.496  000.496: sourcing /usr/local/share/nvim/runtime/filetype.lua
000.497  000.497: require('cmp.utils.pattern')
000.499  000.499: require('wormholecowboy.plugins.colors')
000.503  000.503: require('luasnip.util.types')
000.504  000.504: require('nvim-tree.explorer.sorters')
000.505  000.505: require('cmp.utils.api')
000.505  000.505: require('which-key.plugins.marks')
000.506  000.506: require('luasnip.util.time')
000.508  000.122: require('plenary.async')
000.509  000.509: require('which-key.plugins.presets')
000.513  000.513: require('luasnip.loaders.data')
000.513  000.513: require('telescope.from_entry')
000.515  000.515: require('icon-picker.icons.html-colors')
000.520  000.520: require('which-key.mappings')
000.523  000.523: require('luasnip.extras.filetype_functions')
000.523  000.523: require('wormholecowboy.plugins.codeium')
000.535  000.535: require('codeium.enums')
000.543  000.543: require('lazy.core.config')
000.544  000.282: require('nvim-tree.help')
000.545  000.545: require('lazy.core.handler.event')
000.547  000.547: require('wormholecowboy.plugins')
000.547  000.547: require('wormholecowboy.plugins.comment')
000.550  000.330: require('telescope._extensions.git_worktree')
000.556  000.556: require('luasnip.util.util')
000.559  000.559: require('lazy')
000.560  000.560: require('illuminate')
000.564  000.308: require('nvim-tree.actions.fs.copy-paste')
000.571  000.571: require('gitsigns.highlight')
000.575  000.575: require('gitsigns.debug.log')
000.576  000.576: require('telescope.actions.mt')
000.595  000.308: require('nvim-tree.events')
000.601  000.601: require('which-key.colors')
000.606  000.606: require('luasnip.loaders.from_snipmate')
000.606  000.606: require('wormholecowboy.plugins.cmp')
000.610  000.359: require('nvim-tree.utils')
000.613  000.613: require('luasnip.loaders.fs_watchers')
000.616  000.386: require('cmp_buffer.buffer')
000.620  000.620: require('nvim-ts-autotag.config.init')
000.624  000.624: require('codeium.versions')
000.626  000.241: require('plenary.vararg')
000.633  000.250: require('nvim-tree.live-filter')
000.633  000.266: require('nvim-treesitter.tsrange')
000.639  000.639: require('vim.lsp.diagnostic')
000.640  000.339: require('nvim-tree.explorer.filters')
000.640  000.640: require('vim.lsp.codelens')
000.640  000.640: require('vim.lsp.protocol')
000.643  000.252: require('codeium.config')
000.643  000.643: require('vim.lsp.sync')
000.643  000.643: require('which-key.plugins.registers')
000.646  000.646: require('cmp_path')
000.647  000.647: require('wormholecowboy.core.options')
000.648  000.648: require('which-key.plugins')
000.653  000.653: sourcing /usr/local/share/nvim/runtime/syntax/synload.vim
000.654  000.344: require('cmp.utils.window')
000.657  000.657: require('gitsigns.async')
000.662  000.662: require('luasnip.loaders.from_lua')
000.666  000.666: require('icon-picker.icons.alt-fonts')
000.669  000.669: require('vim.filetype')
000.673  000.233: require('telescope.log')
000.674  000.674: require('wormholecowboy.plugins.fugitive')
000.676  000.676: require('lazy.core.util')
000.677  000.677: require('luasnip.util.log')
000.686  000.686: require('nvim-treesitter.locals')
000.699  000.359: require('vim.treesitter.query')
000.727  000.716: require('lazy.stats')
000.730  000.730: require('which-key.plugins.spelling')
000.740  000.740: require('cmp.utils.char')
000.741  000.391: require('plenary.job')
000.744  000.744: require('vim.diagnostic')
000.747  000.239: require('telescope.finders.async_static_finder')
000.781  000.781: require('cmp.utils.snippet')
000.799  000.386: require('nvim-tree.renderer.decorator.modified')
000.799  000.799: require('nvim-web-devicons.icons-default')
000.808  000.808: require('which-key.plugins.presets.misc')
000.811  000.811: require('lspkind')
000.819  000.407: require('cmp.utils.autocmd')
000.823: sourcing vimrc file(s)
000.825  000.825: require('vim.lsp._snippet')
000.831  000.335: require('cmp.context')
000.840  000.840: require('illuminate.providers.regex')
000.840  000.840: require('vim.lsp.semantic_tokens')
000.859  000.400: require('cmp.types.lsp')
000.866  000.383: sourcing /home/brian/.local/share/nvim/lazy/cmp-cmdline/after/plugin/cmp_cmdline.lua
000.874  000.874: require('vim.lsp.buf')
000.878  000.878: require('vim.ui')
000.889  000.214: require('nvim-tree.actions.moves')
000.902  000.425: require('plenary.path')
000.906  000.510: sourcing /usr/local/share/nvim/runtime/plugin/rplugin.vim
000.908  000.435: require('cmp.config.default')
000.911  000.906: require('wormholecowboy.core.keymaps')
000.918  000.342: require('telescope.actions.set')
000.922  000.484: require('luasnip.nodes.util')
000.936  000.936: require('everforest.highlights')
000.953  000.337: require('cmp_buffer.source')
000.955  000.442: require('nvim-tree.actions.finders')
000.972  000.326: sourcing /home/brian/.local/share/nvim/lazy/cmp-path/after/plugin/cmp_path.lua
000.974  000.508: require('luasnip.nodes.node')
000.980  000.980: require('vim.lsp.log')
000.982  000.328: require('cmp.view.docs_view')
001.008  000.558: require('telescope.pickers.entry_display')
001.039  000.437: require('nvim-tree.renderer.decorator.bookmarks')
001.053  000.569: require('cmp.utils.keymap')
001.054  000.391: require('nvim-tree.actions.root')
001.094  000.273: require('nvim-tree.actions.tree.modifiers')
001.107  000.430: require('luasnip.loaders.util')
001.109  001.109: require('icon-picker.icons.emoji-list')
001.122  001.122: require('vim.lsp.rpc')
001.123  000.620: require('luasnip.util.ext_opts')
001.130  000.228: require('plenary.strings')
001.138  000.236: require('nvim-tree.renderer.decorator.diagnostics')
001.161  000.276: require('plenary.async.async')
001.166  001.166: require('illuminate.providers.lsp')
001.177  000.766: require('telescope')
001.188  001.188: require('noctis_theme')
001.198  001.198: sourcing /home/brian/.local/share/nvim/lazy/vim-surround/plugin/surround.vim
001.218  001.218: require('icon-picker.icons.symbol-list')
001.224  001.224: require('gitsigns.config')
001.243  000.340: require('plenary.popup')
001.247  000.294: require('cmp_buffer')
001.295  000.418: require('dressing.patch')
001.297  000.520: require('codeium.source')
001.304  000.618: require('illuminate.providers.treesitter')
001.315  000.662: sourcing /usr/local/share/nvim/runtime/syntax/syntax.vim
001.333  000.564: require('which-key.keys')
001.356  001.356: require('lualine.utils.mode')
001.393  000.360: require('telescope.utils')
001.428  001.428: require('nvim-treesitter.parsers')
001.431  001.002: sourcing /usr/local/share/nvim/runtime/plugin/matchit.vim
001.450  000.440: require('vim.treesitter.languagetree')
001.460  000.542: require('luasnip.default_config')
001.461  000.721: require('cmp.utils.str')
001.462  000.527: require('lazy.core.loader')
001.488  000.348: require('nvim-tree.actions.node')
001.490  000.649: require('luasnip.util._builtin_vars')
001.504  000.480: require('illuminate.highlight')
001.530  001.105: require('git-worktree')
001.544  001.544: sourcing /home/brian/.local/share/nvim/lazy/vim-fugitive/plugin/fugitive.vim
001.569  000.480: require('nvim-treesitter.query')
001.595  000.226: require('plenary.async.control')
001.610  000.363: sourcing /home/brian/.local/share/nvim/lazy/cmp-buffer/after/plugin/cmp_buffer.lua
001.618  000.565: require('cmp.utils.feedkeys')
001.632  000.219: require('nvim-tree.actions.fs')
001.771  000.464: require('luasnip.session.snippet_collection')
001.802  000.398: require('luasnip.util.parser.ast_utils')
001.855  000.668: sourcing /home/brian/.local/share/nvim/lazy/noctis.nvim/colors/noctis.lua
001.872  001.872: require('wormholecowboy.plugins.spectre')
001.909  001.909: require('wormholecowboy.plugins.nvim-colorizer')
001.912  000.422: require('luasnip.util.environ')
001.950  001.950: require('aerial')
001.956: reading ShaDa
001.957  000.497: require('luasnip.session')
001.958  000.625: require('which-key')
001.968  000.834: require('vim.lsp.util')
001.991  000.541: require('vim.treesitter')
002.001  000.397: require('cmp.types')
002.031  000.240: require('telescope.finders')
002.032  000.807: require('cmp.entry')
002.032  002.032: require('wormholecowboy.plugins.iconpicker')
002.059  001.079: require('vim.lsp.handlers')
002.078  000.421: require('cmp.config')
002.158  000.589: require('nvim-treesitter.configs')
002.194  000.636: require('wormholecowboy.core')
002.195  000.287: require('nvim-tree.actions.tree')
002.255  000.315: require('codeium.api')
002.314  000.360: require('nvim-tree.git')
002.323  000.257: require('telescope.sorters')
002.337  000.346: require('nvim-ts-autotag.utils')
002.371  000.569: require('telescope.pickers')
002.399  000.318: require('nvim-tree.explorer.explore')
002.435  000.356: require('cmp.utils.async')
002.517  000.549: require('cmp_luasnip')
002.566  002.566: require('wormholecowboy.plugins.git-worktree')
002.586  000.554: require('cmp.source')
002.603  001.098: require('illuminate.engine')
002.627  000.469: require('nvim-treesitter.info')
002.679  000.343: require('nvim-ts-autotag.config.ft')
002.807  001.675: require('nvim-web-devicons')
002.830  002.830: require('icon-picker.icons.nf-v3-icon-list')
002.956  000.439: sourcing /home/brian/.local/share/nvim/lazy/cmp_luasnip/after/plugin/cmp_luasnip.lua
002.972  001.676: require('dressing')
003.053  000.371: require('luasnip.loaders')
003.115  000.412: require('cmp.view')
003.251  001.724: require('everforest')
003.303  000.623: require('nvim-ts-autotag.config.plugin')
003.315  000.343: sourcing /home/brian/.local/share/nvim/lazy/dressing.nvim/plugin/dressing.lua
003.368  002.935: require('lualine')
003.525  001.140: require('which-key')
003.640  001.184: require('gitsigns')
003.657  000.492: require('luasnip.util.parser.ast_parser')
003.683  003.683: require('icon-picker.icons.nf-icon-list')
003.970  000.807: sourcing /home/brian/.local/share/nvim/lazy/vim-illuminate/plugin/illuminate.vim
004.094  004.094: require('tailwindcss-colorizer-cmp')
004.402  000.778: sourcing /home/brian/.local/share/nvim/lazy/nvim-cmp/plugin/cmp.lua
004.756  000.519: require('nvim-ts-autotag.internal')
004.913  001.832: require('luasnip.config')
005.025  000.410: require('nvim-tree.renderer.builder')
005.205  000.528: require('nvim-treesitter.install')
005.468  001.711: require('telescope.config')
005.774  001.019: require('nvim-ts-autotag')
005.874  000.381: require('nvim-tree.explorer')
006.342  000.619: require('nvim-treesitter')
006.350  000.353: require('telescope.builtin.__lsp')
006.670  000.201: require('nvim-tree.core')
006.777  000.427: require('telescope.builtin')
006.977  000.635: sourcing /home/brian/.local/share/nvim/lazy/nvim-treesitter/plugin/nvim-treesitter.lua
008.195  001.378: require('vim.lsp')
008.435  000.222: require('nvim-tree.actions')
009.374  000.705: require('luasnip')
010.574: VimEnter autocommands
010.598  000.670: require('telescope.actions')
010.641  000.516: require('nvim-tree.api')
010.665  000.645: require('icon-picker')
011.019  000.378: require('nvim-tree.commands')
013.056  000.466: require('nvim-tree.renderer')
013.352  000.296: require('nvim-tree.lib')
015.902  000.946: sourcing /home/brian/.local/share/nvim/lazy/LuaSnip/plugin/luasnip.lua
016.133  004.087: require('cmp.core')
016.784  016.784: require('luasnip.util.jsregexp')
017.223  000.438: require('luasnip.nodes.util.trig_engines')
017.527  000.732: require('cmp')
020.968  000.832: require('luasnip.nodes.snippet')
025.128  002.205: require('telescope.actions')
025.598  000.686: require('luasnip.util.parser')
026.324  001.178: require('nvim-tree')
027.653  000.650: require('luasnip.loaders.from_vscode')
034.743  002.226: require('nvim-treesitter')
041.014  000.497: sourcing /home/brian/.local/share/nvim/lazy/nvim-ts-autotag/plugin/nvim-ts-autotag.lua
117.061  117.061: sourcing /usr/local/share/nvim/runtime/autoload/provider/clipboard.vim
837.856  612.698: require('wormholecowboy.lazy')
840.486  000.436: sourcing /home/brian/.config/nvim/init.lua
